<?xml version="1.0" encoding="UTF-8"?>
<!-- Generated by org.testng.reporters.JUnitXMLReporter -->
<testsuite hostname="johnson-optiplex-3050" ignored="0" name="Test" tests="8" failures="0" timestamp="11 Jun 2018 05:57:24 GMT" time="0.022" errors="0">
  <testcase name="add" time="0.004" classname="tests.TestPrimer"/>
  <testcase name="div" time="0.0" classname="tests.TestPrimer"/>
  <testcase name="multi" time="0.0" classname="tests.TestPrimer"/>
  <testcase name="sub" time="0.0" classname="tests.TestPrimer"/>
  <testcase name="add" time="0.0" classname="tests.Sanity"/>
  <testcase name="div" time="0.0" classname="tests.Sanity"/>
  <testcase name="multi" time="0.0" classname="tests.Sanity"/>
  <testcase name="sub" time="0.0" classname="tests.Sanity"/>
</testsuite> <!-- Test -->
