<?xml version="1.0" encoding="UTF-8"?>
<testng-results skipped="0" failed="0" ignored="0" total="1" passed="1">
  <reporter-output>
  </reporter-output>
  <suite name="Default suite" duration-ms="7597" started-at="2018-06-12T12:42:38Z" finished-at="2018-06-12T12:42:46Z">
    <groups>
    </groups>
    <test name="Default test" duration-ms="7597" started-at="2018-06-12T12:42:38Z" finished-at="2018-06-12T12:42:46Z">
      <class name="executor.Executor">
        <test-method status="PASS" signature="checker()[pri:0, instance:executor.Executor@7a3d45bd]" name="checker" duration-ms="7581" started-at="2018-06-12T12:42:38Z" finished-at="2018-06-12T12:42:46Z">
          <reporter-output>
          </reporter-output>
        </test-method> <!-- checker -->
      </class> <!-- executor.Executor -->
    </test> <!-- Default test -->
  </suite> <!-- Default suite -->
</testng-results>
